Exporter version: 5.4.2, Blender version: 2.78 (sub 0)
========= Conversion from Blender to Babylon.js =========
	Scene settings used:
		selected layers only:  false
		flat shading entire scene:  false
		inline textures:  false
		texture directory:  C:\Users\alexc\source\Repos\TieFighter\TieFighter\wwwroot\models\
	Python World class constructor completed
	processing begun of mesh:  Cube
		processing begun of Standard material:  HalfOpacity
		num positions      :  125
		num normals        :  125
		num uvs            :  0
		num uvs2           :  0
		num colors         :  0
		num indices        :  714
		WARNING: # of 0 area faces found:  10
	processing begun of camera (UniversalCamera):  Camera
	processing begun of light (POINT):  Lamp
========= Writing of scene file started =========
========= Writing of scene file completed =========
========= end of processing =========
elapsed time:  0 min, 0.064 secs
