Exporter version: 5.4.2, Blender version: 2.78 (sub 0)
========= Conversion from Blender to Babylon.js =========
	Scene settings used:
		selected layers only:  false
		flat shading entire scene:  false
		inline textures:  false
		texture directory:  C:\Users\alexc\Source\Repos\TieFighter\TieFighter\wwwroot\models\
	Python World class constructor completed
	processing begun of camera (UniversalCamera):  Camera
	processing begun of mesh:  Sphere
		processing begun of baked material:  Sphere
		num positions      :  2583
		num normals        :  2583
		num uvs            :  5166
		num uvs2           :  0
		num colors         :  0
		num indices        :  11904
	processing begun of light (SUN):  Sun
========= Writing of scene file started =========
========= Writing of scene file completed =========
========= end of processing =========
elapsed time:  0 min, 0.9066 secs
